# JRE version: OpenJDK Runtime Environment (Zulu 8.94.0.17-CA-win64) (8.0_492-b09) (build 1.8.0_492-b09)
# Java VM: OpenJDK 64-Bit Server VM (25.492-b09 mixed mode windows-amd64 compressed oops)
Heap:
 PSYoungGen      total 101888K, used 21162K [0x00000000e0980000, 0x00000000edd80000, 0x0000000100000000)
  eden space 96768K, 16% used [0x00000000e0980000,0x00000000e1931510,0x00000000e6800000)
  from space 5120K, 99% used [0x00000000e6800000,0x00000000e6cf9650,0x00000000e6d00000)
  to   space 11776K, 0% used [0x00000000ed200000,0x00000000ed200000,0x00000000edd80000)
 ParOldGen       total 65536K, used 23563K [0x00000000a1c00000, 0x00000000a5c00000, 0x00000000e0980000)
  object space 65536K, 35% used [0x00000000a1c00000,0x00000000a3302d78,0x00000000a5c00000)
 Metaspace       used 15807K, capacity 15985K, committed 16384K, reserved 1064960K
  class space    used 1682K, capacity 1756K, committed 1792K, reserved 1048576K
GC Heap History (10 events):
Event: 2.363 GC heap before
{Heap before GC invocations=3 (full 0):
 PSYoungGen      total 28672K, used 26288K [0x00000000e0980000, 0x00000000e4180000, 0x0000000100000000)
  eden space 24576K, 100% used [0x00000000e0980000,0x00000000e2180000,0x00000000e2180000)
  from space 4096K, 41% used [0x00000000e2580000,0x00000000e272c010,0x00000000e2980000)
  to   space 4096K, 0% used [0x00000000e2180000,0x00000000e2180000,0x00000000e2580000)
 ParOldGen       total 65536K, used 0K [0x00000000a1c00000, 0x00000000a5c00000, 0x00000000e0980000)
  object space 65536K, 0% used [0x00000000a1c00000,0x00000000a1c00000,0x00000000a5c00000)
 Metaspace       used 7299K, capacity 7530K, committed 7808K, reserved 1056768K
  class space    used 736K, capacity 786K, committed 896K, reserved 1048576K
Event: 2.374 GC heap after
Heap after GC invocations=3 (full 0):
 PSYoungGen      total 28672K, used 2543K [0x00000000e0980000, 0x00000000e4180000, 0x0000000100000000)
  eden space 24576K, 0% used [0x00000000e0980000,0x00000000e0980000,0x00000000e2180000)
  from space 4096K, 62% used [0x00000000e2180000,0x00000000e23fbd88,0x00000000e2580000)
  to   space 4096K, 0% used [0x00000000e3d80000,0x00000000e3d80000,0x00000000e4180000)
 ParOldGen       total 65536K, used 10248K [0x00000000a1c00000, 0x00000000a5c00000, 0x00000000e0980000)
  object space 65536K, 15% used [0x00000000a1c00000,0x00000000a2602010,0x00000000a5c00000)
 Metaspace       used 7299K, capacity 7530K, committed 7808K, reserved 1056768K
  class space    used 736K, capacity 786K, committed 896K, reserved 1048576K
}
Event: 2.662 GC heap before
{Heap before GC invocations=4 (full 0):
 PSYoungGen      total 28672K, used 27119K [0x00000000e0980000, 0x00000000e4180000, 0x0000000100000000)
  eden space 24576K, 100% used [0x00000000e0980000,0x00000000e2180000,0x00000000e2180000)
  from space 4096K, 62% used [0x00000000e2180000,0x00000000e23fbd88,0x00000000e2580000)
  to   space 4096K, 0% used [0x00000000e3d80000,0x00000000e3d80000,0x00000000e4180000)
 ParOldGen       total 65536K, used 10248K [0x00000000a1c00000, 0x00000000a5c00000, 0x00000000e0980000)
  object space 65536K, 15% used [0x00000000a1c00000,0x00000000a2602010,0x00000000a5c00000)
 Metaspace       used 7857K, capacity 8074K, committed 8320K, reserved 1056768K
  class space    used 805K, capacity 882K, committed 896K, reserved 1048576K
Event: 2.675 GC heap after
Heap after GC invocations=4 (full 0):
 PSYoungGen      total 53248K, used 2304K [0x00000000e0980000, 0x00000000e4180000, 0x0000000100000000)
  eden space 49152K, 0% used [0x00000000e0980000,0x00000000e0980000,0x00000000e3980000)
  from space 4096K, 56% used [0x00000000e3d80000,0x00000000e3fc0020,0x00000000e4180000)
  to   space 4096K, 0% used [0x00000000e3980000,0x00000000e3980000,0x00000000e3d80000)
 ParOldGen       total 65536K, used 10256K [0x00000000a1c00000, 0x00000000a5c00000, 0x00000000e0980000)
  object space 65536K, 15% used [0x00000000a1c00000,0x00000000a2604010,0x00000000a5c00000)
 Metaspace       used 7857K, capacity 8074K, committed 8320K, reserved 1056768K
  class space    used 805K, capacity 882K, committed 896K, reserved 1048576K
}
Event: 3.460 GC heap before
{Heap before GC invocations=5 (full 0):
 PSYoungGen      total 53248K, used 51456K [0x00000000e0980000, 0x00000000e4180000, 0x0000000100000000)
  eden space 49152K, 100% used [0x00000000e0980000,0x00000000e3980000,0x00000000e3980000)
  from space 4096K, 56% used [0x00000000e3d80000,0x00000000e3fc0020,0x00000000e4180000)
  to   space 4096K, 0% used [0x00000000e3980000,0x00000000e3980000,0x00000000e3d80000)
 ParOldGen       total 65536K, used 10256K [0x00000000a1c00000, 0x00000000a5c00000, 0x00000000e0980000)
  object space 65536K, 15% used [0x00000000a1c00000,0x00000000a2604010,0x00000000a5c00000)
 Metaspace       used 9321K, capacity 9556K, committed 9856K, reserved 1058816K
  class space    used 1009K, capacity 1076K, committed 1152K, reserved 1048576K
Event: 3.470 GC heap after
Heap after GC invocations=5 (full 0):
 PSYoungGen      total 53248K, used 3391K [0x00000000e0980000, 0x00000000e7080000, 0x0000000100000000)
  eden space 49152K, 0% used [0x00000000e0980000,0x00000000e0980000,0x00000000e3980000)
  from space 4096K, 82% used [0x00000000e3980000,0x00000000e3ccfdb8,0x00000000e3d80000)
  to   space 3584K, 0% used [0x00000000e6d00000,0x00000000e6d00000,0x00000000e7080000)
 ParOldGen       total 65536K, used 10256K [0x00000000a1c00000, 0x00000000a5c00000, 0x00000000e0980000)
  object space 65536K, 15% used [0x00000000a1c00000,0x00000000a2604010,0x00000000a5c00000)
 Metaspace       used 9321K, capacity 9556K, committed 9856K, reserved 1058816K
  class space    used 1009K, capacity 1076K, committed 1152K, reserved 1048576K
}
Event: 6.519 GC heap before
{Heap before GC invocations=6 (full 0):
 PSYoungGen      total 53248K, used 52543K [0x00000000e0980000, 0x00000000e7080000, 0x0000000100000000)
  eden space 49152K, 100% used [0x00000000e0980000,0x00000000e3980000,0x00000000e3980000)
  from space 4096K, 82% used [0x00000000e3980000,0x00000000e3ccfdb8,0x00000000e3d80000)
  to   space 3584K, 0% used [0x00000000e6d00000,0x00000000e6d00000,0x00000000e7080000)
 ParOldGen       total 65536K, used 10256K [0x00000000a1c00000, 0x00000000a5c00000, 0x00000000e0980000)
  object space 65536K, 15% used [0x00000000a1c00000,0x00000000a2604010,0x00000000a5c00000)
 Metaspace       used 12190K, capacity 12347K, committed 12672K, reserved 1060864K
  class space    used 1261K, capacity 1334K, committed 1408K, reserved 1048576K
Event: 6.527 GC heap after
Heap after GC invocations=6 (full 0):
 PSYoungGen      total 100352K, used 3583K [0x00000000e0980000, 0x00000000e7380000, 0x0000000100000000)
  eden space 96768K, 0% used [0x00000000e0980000,0x00000000e0980000,0x00000000e6800000)
  from space 3584K, 99% used [0x00000000e6d00000,0x00000000e707fdb8,0x00000000e7080000)
  to   space 5120K, 0% used [0x00000000e6800000,0x00000000e6800000,0x00000000e6d00000)
 ParOldGen       total 65536K, used 11663K [0x00000000a1c00000, 0x00000000a5c00000, 0x00000000e0980000)
  object space 65536K, 17% used [0x00000000a1c00000,0x00000000a2763da0,0x00000000a5c00000)
 Metaspace       used 12190K, capacity 12347K, committed 12672K, reserved 1060864K
  class space    used 1261K, capacity 1334K, committed 1408K, reserved 1048576K
}
Event: 7.900 GC heap before
{Heap before GC invocations=7 (full 0):
 PSYoungGen      total 100352K, used 100351K [0x00000000e0980000, 0x00000000e7380000, 0x0000000100000000)
  eden space 96768K, 100% used [0x00000000e0980000,0x00000000e6800000,0x00000000e6800000)
  from space 3584K, 99% used [0x00000000e6d00000,0x00000000e707fdb8,0x00000000e7080000)
  to   space 5120K, 0% used [0x00000000e6800000,0x00000000e6800000,0x00000000e6d00000)
 ParOldGen       total 65536K, used 11663K [0x00000000a1c00000, 0x00000000a5c00000, 0x00000000e0980000)
  object space 65536K, 17% used [0x00000000a1c00000,0x00000000a2763da0,0x00000000a5c00000)
 Metaspace       used 15534K, capacity 15697K, committed 16128K, reserved 1062912K
  class space    used 1658K, capacity 1724K, committed 1792K, reserved 1048576K
Event: 7.919 GC heap after
Heap after GC invocations=7 (full 0):
 PSYoungGen      total 101888K, used 5093K [0x00000000e0980000, 0x00000000edd80000, 0x0000000100000000)
  eden space 96768K, 0% used [0x00000000e0980000,0x00000000e0980000,0x00000000e6800000)
  from space 5120K, 99% used [0x00000000e6800000,0x00000000e6cf9650,0x00000000e6d00000)
  to   space 11776K, 0% used [0x00000000ed200000,0x00000000ed200000,0x00000000edd80000)
 ParOldGen       total 65536K, used 23563K [0x00000000a1c00000, 0x00000000a5c00000, 0x00000000e0980000)
  object space 65536K, 35% used [0x00000000a1c00000,0x00000000a3302d78,0x00000000a5c00000)
 Metaspace       used 15534K, capacity 15697K, committed 16128K, reserved 1062912K
  class space    used 1658K, capacity 1724K, committed 1792K, reserved 1048576K
}

